xrun: 23.09-s001: (c) Copyright 1995-2023 Cadence Design Systems, Inc.
TOOL:	xrun	23.09-s001: Started on Dec 23, 2024 at 09:08:16 EST
xrun
	-Q
	-unbuffered
	-timescale 1ns/1ns
	-sysv
	-access +rw
	design.sv
	testbench.sv
	Top level design units:
		test
Loading snapshot worklib.test:sv .................... Done
xcelium> source /xcelium23.09/tools/xcelium/files/xmsimrc
xcelium> run
a:False
b:False
xmsim: *W,RNQUIE: Simulation is complete.
xcelium> exit
TOOL:	xrun	23.09-s001: Exiting on Dec 23, 2024 at 09:08:18 EST  (total: 00:00:02)
